{"level":"info","message":"Server running on port 4000","timestamp":"2026-06-20 15:40:33 +05:30"}
{"code":"ECONNREFUSED","hostname":"_mongodb._tcp.cluster0.j0hhdin.mongodb.net","level":"error","message":"Database connection failed. Exiting process... querySrv ECONNREFUSED _mongodb._tcp.cluster0.j0hhdin.mongodb.net","stack":"Error: querySrv ECONNREFUSED _mongodb._tcp.cluster0.j0hhdin.mongodb.net\n    at QueryReqWrap.onresolve [as oncomplete] (node:internal/dns/promises:294:17)","syscall":"querySrv","timestamp":"2026-07-11 11:26:41 +05:30"}
{"level":"info","message":"Database Mode: mock (in-memory)","timestamp":"2026-07-11 11:27:12 +05:30"}
{"level":"info","message":"Server running on port 4000","timestamp":"2026-07-11 11:27:12 +05:30"}
{"contentLength":"436","ip":"::1","level":"info","message":"HTTP POST /api/auth/login - 200","method":"POST","responseTime":233.109,"status":200,"timestamp":"2026-07-11 11:28:25 +05:30","url":"/api/auth/login"}
{"contentLength":"243","ip":"::1","level":"info","message":"HTTP GET /api/student/profile - 200","method":"GET","responseTime":6.094,"status":200,"timestamp":"2026-07-11 11:28:25 +05:30","url":"/api/student/profile"}
{"contentLength":"574","ip":"::1","level":"info","message":"HTTP GET /api/jobs/applied - 200","method":"GET","responseTime":3.523,"status":200,"timestamp":"2026-07-11 11:28:25 +05:30","url":"/api/jobs/applied"}
{"contentLength":"936","ip":"::1","level":"info","message":"HTTP GET /api/jobs - 200","method":"GET","responseTime":2.334,"status":200,"timestamp":"2026-07-11 11:28:25 +05:30","url":"/api/jobs"}
{"contentLength":"53","ip":"::1","level":"info","message":"HTTP GET /api/jobs?search=&page=[object%20Event]&limit=10 - 200","method":"GET","responseTime":0.924,"status":200,"timestamp":"2026-07-11 11:28:34 +05:30","url":"/api/jobs?search=&page=[object%20Event]&limit=10"}
{"ip":"::1","level":"info","message":"HTTP GET /api/jobs - 304","method":"GET","responseTime":1.093,"status":304,"timestamp":"2026-07-11 11:29:01 +05:30","url":"/api/jobs"}
{"contentLength":"936","ip":"::1","level":"info","message":"HTTP GET /api/jobs?search=&page=1&limit=10 - 200","method":"GET","responseTime":1.745,"status":200,"timestamp":"2026-07-11 11:29:09 +05:30","url":"/api/jobs?search=&page=1&limit=10"}
{"ip":"::1","level":"info","message":"HTTP GET /api/jobs?search=&page=[object%20Event]&limit=10 - 304","method":"GET","responseTime":0.675,"status":304,"timestamp":"2026-07-11 11:29:13 +05:30","url":"/api/jobs?search=&page=[object%20Event]&limit=10"}
{"ip":"::1","level":"info","message":"HTTP GET /api/jobs?search=&page=1&limit=10 - 304","method":"GET","responseTime":1.136,"status":304,"timestamp":"2026-07-11 11:29:22 +05:30","url":"/api/jobs?search=&page=1&limit=10"}
{"ip":"::1","level":"info","message":"HTTP GET /api/jobs?search=&page=1&limit=10 - 304","method":"GET","responseTime":1.009,"status":304,"timestamp":"2026-07-11 11:29:29 +05:30","url":"/api/jobs?search=&page=1&limit=10"}
{"ip":"::1","level":"info","message":"HTTP GET /api/jobs?search=&page=1&limit=10 - 304","method":"GET","responseTime":1.097,"status":304,"timestamp":"2026-07-11 11:29:33 +05:30","url":"/api/jobs?search=&page=1&limit=10"}
{"contentLength":"442","ip":"::1","level":"info","message":"HTTP GET /api/jobs/job_1 - 200","method":"GET","responseTime":1.704,"status":200,"timestamp":"2026-07-11 11:29:39 +05:30","url":"/api/jobs/job_1"}
{"contentLength":"29","ip":"::1","level":"info","message":"HTTP POST /api/jobs/apply - 400","method":"POST","responseTime":4.268,"status":400,"timestamp":"2026-07-11 11:29:48 +05:30","url":"/api/jobs/apply"}
{"ip":"::1","level":"info","message":"HTTP GET /api/student/profile - 304","method":"GET","responseTime":1.87,"status":304,"timestamp":"2026-07-11 11:29:58 +05:30","url":"/api/student/profile"}
{"ip":"::1","level":"info","message":"HTTP GET /api/jobs/applied - 304","method":"GET","responseTime":4.394,"status":304,"timestamp":"2026-07-11 11:29:59 +05:30","url":"/api/jobs/applied"}
{"ip":"::1","level":"info","message":"HTTP GET /api/jobs - 304","method":"GET","responseTime":0.635,"status":304,"timestamp":"2026-07-11 11:29:59 +05:30","url":"/api/jobs"}
{"contentLength":"443","ip":"::1","level":"info","message":"HTTP GET /api/jobs/job_2 - 200","method":"GET","responseTime":1.711,"status":200,"timestamp":"2026-07-11 11:30:03 +05:30","url":"/api/jobs/job_2"}
{"contentLength":"137","ip":"::1","level":"info","message":"HTTP POST /api/jobs/apply - 200","method":"POST","responseTime":3.787,"status":200,"timestamp":"2026-07-11 11:30:11 +05:30","url":"/api/jobs/apply"}
{"ip":"::1","level":"info","message":"HTTP GET /api/student/profile - 304","method":"GET","responseTime":2.011,"status":304,"timestamp":"2026-07-11 11:30:28 +05:30","url":"/api/student/profile"}
{"contentLength":"1162","ip":"::1","level":"info","message":"HTTP GET /api/jobs/applied - 200","method":"GET","responseTime":1.564,"status":200,"timestamp":"2026-07-11 11:30:28 +05:30","url":"/api/jobs/applied"}
{"ip":"::1","level":"info","message":"HTTP GET /api/jobs - 304","method":"GET","responseTime":1.759,"status":304,"timestamp":"2026-07-11 11:30:28 +05:30","url":"/api/jobs"}
{"contentLength":"250","ip":"::1","level":"info","message":"HTTP POST /api/auth/admin/login - 200","method":"POST","responseTime":199.348,"status":200,"timestamp":"2026-07-11 11:31:02 +05:30","url":"/api/auth/admin/login"}
{"contentLength":"353","ip":"::1","level":"info","message":"HTTP GET /api/company - 200","method":"GET","responseTime":2.047,"status":200,"timestamp":"2026-07-11 11:31:02 +05:30","url":"/api/company"}
{"ip":"::1","level":"info","message":"HTTP GET /api/jobs - 304","method":"GET","responseTime":1.099,"status":304,"timestamp":"2026-07-11 11:31:02 +05:30","url":"/api/jobs"}
{"contentLength":"245","ip":"::1","level":"info","message":"HTTP GET /api/admin/students - 200","method":"GET","responseTime":2.42,"status":200,"timestamp":"2026-07-11 11:31:02 +05:30","url":"/api/admin/students"}
{"contentLength":"1670","ip":"::1","level":"info","message":"HTTP GET /api/admin/applications - 200","method":"GET","responseTime":2.404,"status":200,"timestamp":"2026-07-11 11:31:02 +05:30","url":"/api/admin/applications"}
{"ip":"::1","level":"info","message":"HTTP GET /api/company - 304","method":"GET","responseTime":1.293,"status":304,"timestamp":"2026-07-11 11:31:17 +05:30","url":"/api/company"}
{"ip":"::1","level":"info","message":"HTTP GET /api/jobs - 304","method":"GET","responseTime":0.6,"status":304,"timestamp":"2026-07-11 11:31:17 +05:30","url":"/api/jobs"}
{"ip":"::1","level":"info","message":"HTTP GET /api/admin/students - 304","method":"GET","responseTime":1.699,"status":304,"timestamp":"2026-07-11 11:31:17 +05:30","url":"/api/admin/students"}
{"ip":"::1","level":"info","message":"HTTP GET /api/admin/applications - 304","method":"GET","responseTime":1.659,"status":304,"timestamp":"2026-07-11 11:31:17 +05:30","url":"/api/admin/applications"}
{"contentLength":"189","ip":"::1","level":"info","message":"HTTP PUT /api/company/company_1 - 200","method":"PUT","responseTime":1.47,"status":200,"timestamp":"2026-07-11 11:31:37 +05:30","url":"/api/company/company_1"}
{"contentLength":"366","ip":"::1","level":"info","message":"HTTP GET /api/company - 200","method":"GET","responseTime":1.207,"status":200,"timestamp":"2026-07-11 11:31:37 +05:30","url":"/api/company"}
{"contentLength":"949","ip":"::1","level":"info","message":"HTTP GET /api/jobs - 200","method":"GET","responseTime":0.485,"status":200,"timestamp":"2026-07-11 11:31:37 +05:30","url":"/api/jobs"}
{"ip":"::1","level":"info","message":"HTTP GET /api/admin/students - 304","method":"GET","responseTime":1.403,"status":304,"timestamp":"2026-07-11 11:31:37 +05:30","url":"/api/admin/students"}
{"contentLength":"1683","ip":"::1","level":"info","message":"HTTP GET /api/admin/applications - 200","method":"GET","responseTime":3.167,"status":200,"timestamp":"2026-07-11 11:31:37 +05:30","url":"/api/admin/applications"}
{"ip":"::1","level":"info","message":"HTTP GET /api/company - 304","method":"GET","responseTime":1.703,"status":304,"timestamp":"2026-07-11 11:31:47 +05:30","url":"/api/company"}
{"ip":"::1","level":"info","message":"HTTP GET /api/jobs - 304","method":"GET","responseTime":0.528,"status":304,"timestamp":"2026-07-11 11:31:47 +05:30","url":"/api/jobs"}
{"ip":"::1","level":"info","message":"HTTP GET /api/admin/students - 304","method":"GET","responseTime":1.285,"status":304,"timestamp":"2026-07-11 11:31:47 +05:30","url":"/api/admin/students"}
{"ip":"::1","level":"info","message":"HTTP GET /api/admin/applications - 304","method":"GET","responseTime":1.558,"status":304,"timestamp":"2026-07-11 11:31:47 +05:30","url":"/api/admin/applications"}
{"contentLength":"262","ip":"::1","level":"info","message":"HTTP PUT /api/admin/job/job_1 - 200","method":"PUT","responseTime":1.903,"status":200,"timestamp":"2026-07-11 11:32:05 +05:30","url":"/api/admin/job/job_1"}
{"ip":"::1","level":"info","message":"HTTP GET /api/company - 304","method":"GET","responseTime":1.4,"status":304,"timestamp":"2026-07-11 11:32:05 +05:30","url":"/api/company"}
{"contentLength":"956","ip":"::1","level":"info","message":"HTTP GET /api/jobs - 200","method":"GET","responseTime":0.548,"status":200,"timestamp":"2026-07-11 11:32:05 +05:30","url":"/api/jobs"}
{"ip":"::1","level":"info","message":"HTTP GET /api/admin/students - 304","method":"GET","responseTime":1.195,"status":304,"timestamp":"2026-07-11 11:32:05 +05:30","url":"/api/admin/students"}
{"contentLength":"1690","ip":"::1","level":"info","message":"HTTP GET /api/admin/applications - 200","method":"GET","responseTime":1.75,"status":200,"timestamp":"2026-07-11 11:32:05 +05:30","url":"/api/admin/applications"}
{"ip":"::1","level":"info","message":"HTTP GET /api/company - 304","method":"GET","responseTime":1.425,"status":304,"timestamp":"2026-07-11 11:32:13 +05:30","url":"/api/company"}
{"ip":"::1","level":"info","message":"HTTP GET /api/jobs - 304","method":"GET","responseTime":1.816,"status":304,"timestamp":"2026-07-11 11:32:13 +05:30","url":"/api/jobs"}
{"ip":"::1","level":"info","message":"HTTP GET /api/admin/students - 304","method":"GET","responseTime":1.073,"status":304,"timestamp":"2026-07-11 11:32:13 +05:30","url":"/api/admin/students"}
{"ip":"::1","level":"info","message":"HTTP GET /api/admin/applications - 304","method":"GET","responseTime":2.496,"status":304,"timestamp":"2026-07-11 11:32:13 +05:30","url":"/api/admin/applications"}
{"contentLength":"241","ip":"::1","level":"info","message":"HTTP PUT /api/admin/student/student_1 - 200","method":"PUT","responseTime":3.48,"status":200,"timestamp":"2026-07-11 11:32:31 +05:30","url":"/api/admin/student/student_1"}
{"ip":"::1","level":"info","message":"HTTP GET /api/company - 304","method":"GET","responseTime":1.579,"status":304,"timestamp":"2026-07-11 11:32:31 +05:30","url":"/api/company"}
{"ip":"::1","level":"info","message":"HTTP GET /api/jobs - 304","method":"GET","responseTime":1.059,"status":304,"timestamp":"2026-07-11 11:32:31 +05:30","url":"/api/jobs"}
{"contentLength":"243","ip":"::1","level":"info","message":"HTTP GET /api/admin/students - 200","method":"GET","responseTime":3.651,"status":200,"timestamp":"2026-07-11 11:32:31 +05:30","url":"/api/admin/students"}
{"contentLength":"1686","ip":"::1","level":"info","message":"HTTP GET /api/admin/applications - 200","method":"GET","responseTime":5.239,"status":200,"timestamp":"2026-07-11 11:32:31 +05:30","url":"/api/admin/applications"}
{"ip":"::1","level":"info","message":"HTTP GET /api/company - 304","method":"GET","responseTime":1.953,"status":304,"timestamp":"2026-07-11 11:32:43 +05:30","url":"/api/company"}
{"ip":"::1","level":"info","message":"HTTP GET /api/jobs - 304","method":"GET","responseTime":1.104,"status":304,"timestamp":"2026-07-11 11:32:43 +05:30","url":"/api/jobs"}
{"ip":"::1","level":"info","message":"HTTP GET /api/admin/students - 304","method":"GET","responseTime":2.926,"status":304,"timestamp":"2026-07-11 11:32:43 +05:30","url":"/api/admin/students"}
{"ip":"::1","level":"info","message":"HTTP GET /api/admin/applications - 304","method":"GET","responseTime":2.336,"status":304,"timestamp":"2026-07-11 11:32:43 +05:30","url":"/api/admin/applications"}
{"contentLength":"127","ip":"::1","level":"info","message":"HTTP PUT /api/admin/application/app_1/status - 200","method":"PUT","responseTime":3.02,"status":200,"timestamp":"2026-07-11 11:32:56 +05:30","url":"/api/admin/application/app_1/status"}
{"ip":"::1","level":"info","message":"HTTP GET /api/company - 304","method":"GET","responseTime":3.533,"status":304,"timestamp":"2026-07-11 11:32:56 +05:30","url":"/api/company"}
{"ip":"::1","level":"info","message":"HTTP GET /api/jobs - 304","method":"GET","responseTime":1.505,"status":304,"timestamp":"2026-07-11 11:32:56 +05:30","url":"/api/jobs"}
{"ip":"::1","level":"info","message":"HTTP GET /api/admin/students - 304","method":"GET","responseTime":3.352,"status":304,"timestamp":"2026-07-11 11:32:56 +05:30","url":"/api/admin/students"}
{"contentLength":"1690","ip":"::1","level":"info","message":"HTTP GET /api/admin/applications - 200","method":"GET","responseTime":1.863,"status":200,"timestamp":"2026-07-11 11:32:56 +05:30","url":"/api/admin/applications"}
{"contentLength":"434","ip":"::1","level":"info","message":"HTTP POST /api/auth/login - 200","method":"POST","responseTime":247.528,"status":200,"timestamp":"2026-07-11 11:33:35 +05:30","url":"/api/auth/login"}
{"contentLength":"241","ip":"::1","level":"info","message":"HTTP GET /api/student/profile - 200","method":"GET","responseTime":1.725,"status":200,"timestamp":"2026-07-11 11:33:36 +05:30","url":"/api/student/profile"}
{"contentLength":"1186","ip":"::1","level":"info","message":"HTTP GET /api/jobs/applied - 200","method":"GET","responseTime":1.487,"status":200,"timestamp":"2026-07-11 11:33:36 +05:30","url":"/api/jobs/applied"}
{"ip":"::1","level":"info","message":"HTTP GET /api/jobs - 304","method":"GET","responseTime":0.789,"status":304,"timestamp":"2026-07-11 11:33:36 +05:30","url":"/api/jobs"}
{"ip":"::1","level":"info","message":"HTTP GET /api/jobs/applied - 304","method":"GET","responseTime":1.17,"status":304,"timestamp":"2026-07-11 11:33:45 +05:30","url":"/api/jobs/applied"}
{"ip":"::1","level":"info","message":"HTTP GET /api/student/profile - 304","method":"GET","responseTime":1.46,"status":304,"timestamp":"2026-07-11 11:33:50 +05:30","url":"/api/student/profile"}
{"ip":"::1","level":"info","message":"HTTP GET /api/jobs/applied - 304","method":"GET","responseTime":0.902,"status":304,"timestamp":"2026-07-11 11:33:57 +05:30","url":"/api/jobs/applied"}
{"level":"info","message":"Database Mode: mock (in-memory)","timestamp":"2026-07-11 11:45:19 +05:30"}
{"level":"info","message":"Server running on port 4000","timestamp":"2026-07-11 11:45:19 +05:30"}
{"level":"info","message":"Database Mode: mock (in-memory)","timestamp":"2026-07-11 11:51:40 +05:30"}
{"level":"info","message":"Server running on port 4000","timestamp":"2026-07-11 11:51:40 +05:30"}
{"contentLength":"29","ip":"::1","level":"info","message":"HTTP GET /login.html - 404","method":"GET","responseTime":7.224,"status":404,"timestamp":"2026-07-11 11:52:16 +05:30","url":"/login.html"}
{"contentLength":"29","ip":"::1","level":"info","message":"HTTP GET /favicon.ico - 404","method":"GET","responseTime":0.559,"status":404,"timestamp":"2026-07-11 11:52:16 +05:30","url":"/favicon.ico"}
{"level":"info","message":"Database Mode: mock (in-memory)","timestamp":"2026-07-11 11:55:10 +05:30"}
{"level":"info","message":"Server running on port 4000","timestamp":"2026-07-11 11:55:11 +05:30"}
{"contentLength":"436","ip":"::1","level":"info","message":"HTTP POST /api/auth/login - 200","method":"POST","responseTime":692.119,"status":200,"timestamp":"2026-07-11 11:56:13 +05:30","url":"/api/auth/login"}
{"contentLength":"243","ip":"::1","level":"info","message":"HTTP GET /api/student/profile - 200","method":"GET","responseTime":5.985,"status":200,"timestamp":"2026-07-11 11:56:13 +05:30","url":"/api/student/profile"}
{"contentLength":"574","ip":"::1","level":"info","message":"HTTP GET /api/jobs/applied - 200","method":"GET","responseTime":7.588,"status":200,"timestamp":"2026-07-11 11:56:13 +05:30","url":"/api/jobs/applied"}
{"contentLength":"936","ip":"::1","level":"info","message":"HTTP GET /api/jobs - 200","method":"GET","responseTime":2.935,"status":200,"timestamp":"2026-07-11 11:56:13 +05:30","url":"/api/jobs"}
{"ip":"::1","level":"info","message":"HTTP GET /api/student/profile - 304","method":"GET","responseTime":4.342,"status":304,"timestamp":"2026-07-11 11:56:21 +05:30","url":"/api/student/profile"}
{"contentLength":"245","ip":"::1","level":"info","message":"HTTP PUT /api/student/profile - 200","method":"PUT","responseTime":3.202,"status":200,"timestamp":"2026-07-11 11:56:58 +05:30","url":"/api/student/profile"}
{"contentLength":"245","ip":"::1","level":"info","message":"HTTP GET /api/student/profile - 200","method":"GET","responseTime":8.487,"status":200,"timestamp":"2026-07-11 11:57:10 +05:30","url":"/api/student/profile"}
{"ip":"::1","level":"info","message":"HTTP GET /api/jobs?search=&page=[object%20Event]&limit=10 - 304","method":"GET","responseTime":3.012,"status":304,"timestamp":"2026-07-11 11:57:22 +05:30","url":"/api/jobs?search=&page=[object%20Event]&limit=10"}
{"ip":"::1","level":"info","message":"HTTP GET /api/jobs - 304","method":"GET","responseTime":1.465,"status":304,"timestamp":"2026-07-11 11:57:39 +05:30","url":"/api/jobs"}
{"contentLength":"936","ip":"::1","level":"info","message":"HTTP GET /api/jobs?search=&page=1&limit=10 - 200","method":"GET","responseTime":2.622,"status":200,"timestamp":"2026-07-11 11:57:44 +05:30","url":"/api/jobs?search=&page=1&limit=10"}
{"contentLength":"442","ip":"::1","level":"info","message":"HTTP GET /api/jobs/job_1 - 200","method":"GET","responseTime":2.11,"status":200,"timestamp":"2026-07-11 11:57:54 +05:30","url":"/api/jobs/job_1"}
{"contentLength":"29","ip":"::1","level":"info","message":"HTTP POST /api/jobs/apply - 400","method":"POST","responseTime":9.554,"status":400,"timestamp":"2026-07-11 11:57:59 +05:30","url":"/api/jobs/apply"}
{"ip":"::1","level":"info","message":"HTTP GET /api/student/profile - 304","method":"GET","responseTime":3.923,"status":304,"timestamp":"2026-07-11 11:58:06 +05:30","url":"/api/student/profile"}
{"ip":"::1","level":"info","message":"HTTP GET /api/jobs/applied - 304","method":"GET","responseTime":4.615,"status":304,"timestamp":"2026-07-11 11:58:06 +05:30","url":"/api/jobs/applied"}
{"ip":"::1","level":"info","message":"HTTP GET /api/jobs - 304","method":"GET","responseTime":1.616,"status":304,"timestamp":"2026-07-11 11:58:06 +05:30","url":"/api/jobs"}
{"ip":"::1","level":"info","message":"HTTP GET /api/jobs/applied - 304","method":"GET","responseTime":2.773,"status":304,"timestamp":"2026-07-11 11:58:13 +05:30","url":"/api/jobs/applied"}
{"ip":"::1","level":"info","message":"HTTP GET /api/jobs?search=&page=[object%20Event]&limit=10 - 304","method":"GET","responseTime":0.907,"status":304,"timestamp":"2026-07-11 11:58:17 +05:30","url":"/api/jobs?search=&page=[object%20Event]&limit=10"}
{"ip":"::1","level":"info","message":"HTTP GET /api/jobs?search=&page=1&limit=10 - 304","method":"GET","responseTime":1.136,"status":304,"timestamp":"2026-07-11 11:58:19 +05:30","url":"/api/jobs?search=&page=1&limit=10"}
{"contentLength":"137","ip":"::1","level":"info","message":"HTTP POST /api/jobs/apply - 200","method":"POST","responseTime":7.786,"status":200,"timestamp":"2026-07-11 11:58:25 +05:30","url":"/api/jobs/apply"}
{"contentLength":"1162","ip":"::1","level":"info","message":"HTTP GET /api/jobs/applied - 200","method":"GET","responseTime":2.428,"status":200,"timestamp":"2026-07-11 11:58:31 +05:30","url":"/api/jobs/applied"}
{"ip":"::1","level":"info","message":"HTTP GET /api/student/profile - 304","method":"GET","responseTime":1.357,"status":304,"timestamp":"2026-07-11 11:58:35 +05:30","url":"/api/student/profile"}
{"ip":"::1","level":"info","message":"HTTP GET /api/jobs/applied - 304","method":"GET","responseTime":1.672,"status":304,"timestamp":"2026-07-11 11:58:35 +05:30","url":"/api/jobs/applied"}
{"ip":"::1","level":"info","message":"HTTP GET /api/jobs - 304","method":"GET","responseTime":0.623,"status":304,"timestamp":"2026-07-11 11:58:35 +05:30","url":"/api/jobs"}
{"contentLength":"250","ip":"::1","level":"info","message":"HTTP POST /api/auth/admin/login - 200","method":"POST","responseTime":597.507,"status":200,"timestamp":"2026-07-11 11:59:03 +05:30","url":"/api/auth/admin/login"}
{"contentLength":"353","ip":"::1","level":"info","message":"HTTP GET /api/company - 200","method":"GET","responseTime":3.064,"status":200,"timestamp":"2026-07-11 11:59:03 +05:30","url":"/api/company"}
{"ip":"::1","level":"info","message":"HTTP GET /api/jobs - 304","method":"GET","responseTime":0.845,"status":304,"timestamp":"2026-07-11 11:59:04 +05:30","url":"/api/jobs"}
{"contentLength":"247","ip":"::1","level":"info","message":"HTTP GET /api/admin/students - 200","method":"GET","responseTime":2.431,"status":200,"timestamp":"2026-07-11 11:59:04 +05:30","url":"/api/admin/students"}
{"contentLength":"1674","ip":"::1","level":"info","message":"HTTP GET /api/admin/applications - 200","method":"GET","responseTime":3.502,"status":200,"timestamp":"2026-07-11 11:59:04 +05:30","url":"/api/admin/applications"}
{"ip":"::1","level":"info","message":"HTTP GET /api/company - 304","method":"GET","responseTime":3.865,"status":304,"timestamp":"2026-07-11 11:59:12 +05:30","url":"/api/company"}
{"ip":"::1","level":"info","message":"HTTP GET /api/jobs - 304","method":"GET","responseTime":2.062,"status":304,"timestamp":"2026-07-11 11:59:12 +05:30","url":"/api/jobs"}
{"ip":"::1","level":"info","message":"HTTP GET /api/admin/students - 304","method":"GET","responseTime":2.645,"status":304,"timestamp":"2026-07-11 11:59:12 +05:30","url":"/api/admin/students"}
{"ip":"::1","level":"info","message":"HTTP GET /api/admin/applications - 304","method":"GET","responseTime":6.946,"status":304,"timestamp":"2026-07-11 11:59:12 +05:30","url":"/api/admin/applications"}
{"contentLength":"177","ip":"::1","level":"info","message":"HTTP PUT /api/company/company_1 - 200","method":"PUT","responseTime":8.22,"status":200,"timestamp":"2026-07-11 11:59:34 +05:30","url":"/api/company/company_1"}
{"contentLength":"354","ip":"::1","level":"info","message":"HTTP GET /api/company - 200","method":"GET","responseTime":1.396,"status":200,"timestamp":"2026-07-11 11:59:34 +05:30","url":"/api/company"}
{"contentLength":"937","ip":"::1","level":"info","message":"HTTP GET /api/jobs - 200","method":"GET","responseTime":2.673,"status":200,"timestamp":"2026-07-11 11:59:35 +05:30","url":"/api/jobs"}
{"ip":"::1","level":"info","message":"HTTP GET /api/admin/students - 304","method":"GET","responseTime":1.202,"status":304,"timestamp":"2026-07-11 11:59:35 +05:30","url":"/api/admin/students"}
{"contentLength":"1675","ip":"::1","level":"info","message":"HTTP GET /api/admin/applications - 200","method":"GET","responseTime":3.95,"status":200,"timestamp":"2026-07-11 11:59:35 +05:30","url":"/api/admin/applications"}
{"ip":"::1","level":"info","message":"HTTP GET /api/company - 304","method":"GET","responseTime":1.506,"status":304,"timestamp":"2026-07-11 11:59:44 +05:30","url":"/api/company"}
{"ip":"::1","level":"info","message":"HTTP GET /api/jobs - 304","method":"GET","responseTime":1.066,"status":304,"timestamp":"2026-07-11 11:59:44 +05:30","url":"/api/jobs"}
{"ip":"::1","level":"info","message":"HTTP GET /api/admin/students - 304","method":"GET","responseTime":3.593,"status":304,"timestamp":"2026-07-11 11:59:44 +05:30","url":"/api/admin/students"}
{"ip":"::1","level":"info","message":"HTTP GET /api/admin/applications - 304","method":"GET","responseTime":1.245,"status":304,"timestamp":"2026-07-11 11:59:44 +05:30","url":"/api/admin/applications"}
{"contentLength":"265","ip":"::1","level":"info","message":"HTTP PUT /api/admin/job/job_1 - 200","method":"PUT","responseTime":2.114,"status":200,"timestamp":"2026-07-11 12:00:16 +05:30","url":"/api/admin/job/job_1"}
{"ip":"::1","level":"info","message":"HTTP GET /api/company - 304","method":"GET","responseTime":2.373,"status":304,"timestamp":"2026-07-11 12:00:16 +05:30","url":"/api/company"}
{"contentLength":"947","ip":"::1","level":"info","message":"HTTP GET /api/jobs - 200","method":"GET","responseTime":2.086,"status":200,"timestamp":"2026-07-11 12:00:16 +05:30","url":"/api/jobs"}
{"ip":"::1","level":"info","message":"HTTP GET /api/admin/students - 304","method":"GET","responseTime":3.521,"status":304,"timestamp":"2026-07-11 12:00:16 +05:30","url":"/api/admin/students"}
{"contentLength":"1685","ip":"::1","level":"info","message":"HTTP GET /api/admin/applications - 200","method":"GET","responseTime":4.108,"status":200,"timestamp":"2026-07-11 12:00:16 +05:30","url":"/api/admin/applications"}
{"ip":"::1","level":"info","message":"HTTP GET /api/company - 304","method":"GET","responseTime":2.052,"status":304,"timestamp":"2026-07-11 12:00:32 +05:30","url":"/api/company"}
{"ip":"::1","level":"info","message":"HTTP GET /api/jobs - 304","method":"GET","responseTime":4.781,"status":304,"timestamp":"2026-07-11 12:00:32 +05:30","url":"/api/jobs"}
{"ip":"::1","level":"info","message":"HTTP GET /api/admin/students - 304","method":"GET","responseTime":1.417,"status":304,"timestamp":"2026-07-11 12:00:32 +05:30","url":"/api/admin/students"}
{"ip":"::1","level":"info","message":"HTTP GET /api/admin/applications - 304","method":"GET","responseTime":1.307,"status":304,"timestamp":"2026-07-11 12:00:32 +05:30","url":"/api/admin/applications"}
{"contentLength":"243","ip":"::1","level":"info","message":"HTTP PUT /api/admin/student/student_1 - 200","method":"PUT","responseTime":5.331,"status":200,"timestamp":"2026-07-11 12:01:46 +05:30","url":"/api/admin/student/student_1"}
{"ip":"::1","level":"info","message":"HTTP GET /api/company - 304","method":"GET","responseTime":3.995,"status":304,"timestamp":"2026-07-11 12:01:46 +05:30","url":"/api/company"}
{"ip":"::1","level":"info","message":"HTTP GET /api/jobs - 304","method":"GET","responseTime":0.573,"status":304,"timestamp":"2026-07-11 12:01:46 +05:30","url":"/api/jobs"}
{"contentLength":"245","ip":"::1","level":"info","message":"HTTP GET /api/admin/students - 200","method":"GET","responseTime":1.283,"status":200,"timestamp":"2026-07-11 12:01:46 +05:30","url":"/api/admin/students"}
{"contentLength":"1681","ip":"::1","level":"info","message":"HTTP GET /api/admin/applications - 200","method":"GET","responseTime":1.988,"status":200,"timestamp":"2026-07-11 12:01:46 +05:30","url":"/api/admin/applications"}
{"ip":"::1","level":"info","message":"HTTP GET /api/company - 304","method":"GET","responseTime":3.193,"status":304,"timestamp":"2026-07-11 12:01:57 +05:30","url":"/api/company"}
{"ip":"::1","level":"info","message":"HTTP GET /api/jobs - 304","method":"GET","responseTime":0.718,"status":304,"timestamp":"2026-07-11 12:01:57 +05:30","url":"/api/jobs"}
{"ip":"::1","level":"info","message":"HTTP GET /api/admin/students - 304","method":"GET","responseTime":4.155,"status":304,"timestamp":"2026-07-11 12:01:57 +05:30","url":"/api/admin/students"}
{"ip":"::1","level":"info","message":"HTTP GET /api/admin/applications - 304","method":"GET","responseTime":4.045,"status":304,"timestamp":"2026-07-11 12:01:57 +05:30","url":"/api/admin/applications"}
{"contentLength":"127","ip":"::1","level":"info","message":"HTTP PUT /api/admin/application/app_1/status - 200","method":"PUT","responseTime":2.325,"status":200,"timestamp":"2026-07-11 12:02:14 +05:30","url":"/api/admin/application/app_1/status"}
{"ip":"::1","level":"info","message":"HTTP GET /api/company - 304","method":"GET","responseTime":1.169,"status":304,"timestamp":"2026-07-11 12:02:14 +05:30","url":"/api/company"}
{"ip":"::1","level":"info","message":"HTTP GET /api/jobs - 304","method":"GET","responseTime":0.696,"status":304,"timestamp":"2026-07-11 12:02:14 +05:30","url":"/api/jobs"}
{"ip":"::1","level":"info","message":"HTTP GET /api/admin/students - 304","method":"GET","responseTime":1.806,"status":304,"timestamp":"2026-07-11 12:02:14 +05:30","url":"/api/admin/students"}
{"contentLength":"1685","ip":"::1","level":"info","message":"HTTP GET /api/admin/applications - 200","method":"GET","responseTime":2.841,"status":200,"timestamp":"2026-07-11 12:02:14 +05:30","url":"/api/admin/applications"}
{"ip":"::1","level":"info","message":"HTTP GET /api/company - 304","method":"GET","responseTime":1.514,"status":304,"timestamp":"2026-07-11 12:02:24 +05:30","url":"/api/company"}
{"ip":"::1","level":"info","message":"HTTP GET /api/jobs - 304","method":"GET","responseTime":1.088,"status":304,"timestamp":"2026-07-11 12:02:24 +05:30","url":"/api/jobs"}
{"ip":"::1","level":"info","message":"HTTP GET /api/admin/students - 304","method":"GET","responseTime":1.895,"status":304,"timestamp":"2026-07-11 12:02:24 +05:30","url":"/api/admin/students"}
{"ip":"::1","level":"info","message":"HTTP GET /api/admin/applications - 304","method":"GET","responseTime":1.699,"status":304,"timestamp":"2026-07-11 12:02:24 +05:30","url":"/api/admin/applications"}
{"ip":"::1","level":"info","message":"HTTP GET /api/company - 304","method":"GET","responseTime":1.492,"status":304,"timestamp":"2026-07-11 12:02:35 +05:30","url":"/api/company"}
{"ip":"::1","level":"info","message":"HTTP GET /api/jobs - 304","method":"GET","responseTime":0.664,"status":304,"timestamp":"2026-07-11 12:02:36 +05:30","url":"/api/jobs"}
{"ip":"::1","level":"info","message":"HTTP GET /api/admin/students - 304","method":"GET","responseTime":5.671,"status":304,"timestamp":"2026-07-11 12:02:36 +05:30","url":"/api/admin/students"}
{"ip":"::1","level":"info","message":"HTTP GET /api/admin/applications - 304","method":"GET","responseTime":3.167,"status":304,"timestamp":"2026-07-11 12:02:36 +05:30","url":"/api/admin/applications"}
{"contentLength":"436","ip":"::1","level":"info","message":"HTTP POST /api/auth/login - 200","method":"POST","responseTime":578.669,"status":200,"timestamp":"2026-07-11 12:03:11 +05:30","url":"/api/auth/login"}
{"contentLength":"243","ip":"::1","level":"info","message":"HTTP GET /api/student/profile - 200","method":"GET","responseTime":1.187,"status":200,"timestamp":"2026-07-11 12:03:11 +05:30","url":"/api/student/profile"}
{"contentLength":"1177","ip":"::1","level":"info","message":"HTTP GET /api/jobs/applied - 200","method":"GET","responseTime":1.262,"status":200,"timestamp":"2026-07-11 12:03:11 +05:30","url":"/api/jobs/applied"}
{"ip":"::1","level":"info","message":"HTTP GET /api/jobs - 304","method":"GET","responseTime":1.345,"status":304,"timestamp":"2026-07-11 12:03:11 +05:30","url":"/api/jobs"}
{"ip":"::1","level":"info","message":"HTTP GET /api/jobs/applied - 304","method":"GET","responseTime":1.887,"status":304,"timestamp":"2026-07-11 12:03:18 +05:30","url":"/api/jobs/applied"}
{"level":"info","message":"Database Mode: mock (in-memory)","timestamp":"2026-07-11 12:08:43 +05:30"}
{"level":"info","message":"Server running on port 4000","timestamp":"2026-07-11 12:08:43 +05:30"}
{"contentLength":"436","ip":"::1","level":"info","message":"HTTP POST /api/auth/login - 200","method":"POST","responseTime":117.573,"status":200,"timestamp":"2026-07-11 12:09:32 +05:30","url":"/api/auth/login"}
{"contentLength":"436","ip":"::1","level":"info","message":"HTTP POST /api/auth/login - 200","method":"POST","responseTime":129.484,"status":200,"timestamp":"2026-07-11 12:11:23 +05:30","url":"/api/auth/login"}
{"contentLength":"243","ip":"::1","level":"info","message":"HTTP GET /api/student/profile - 200","method":"GET","responseTime":4.892,"status":200,"timestamp":"2026-07-11 12:11:24 +05:30","url":"/api/student/profile"}
{"contentLength":"574","ip":"::1","level":"info","message":"HTTP GET /api/jobs/applied - 200","method":"GET","responseTime":2.585,"status":200,"timestamp":"2026-07-11 12:11:24 +05:30","url":"/api/jobs/applied"}
{"contentLength":"936","ip":"::1","level":"info","message":"HTTP GET /api/jobs - 200","method":"GET","responseTime":1.75,"status":200,"timestamp":"2026-07-11 12:11:24 +05:30","url":"/api/jobs"}
{"contentLength":"53","ip":"::1","level":"info","message":"HTTP GET /api/jobs?search=&page=[object%20Event]&limit=10 - 200","method":"GET","responseTime":0.653,"status":200,"timestamp":"2026-07-11 12:11:34 +05:30","url":"/api/jobs?search=&page=[object%20Event]&limit=10"}
{"contentLength":"436","ip":"::1","level":"info","message":"HTTP POST /api/auth/login - 200","method":"POST","responseTime":82.129,"status":200,"timestamp":"2026-07-11 12:11:41 +05:30","url":"/api/auth/login"}
{"ip":"::1","level":"info","message":"HTTP GET /api/student/profile - 304","method":"GET","responseTime":1.464,"status":304,"timestamp":"2026-07-11 12:11:41 +05:30","url":"/api/student/profile"}
{"ip":"::1","level":"info","message":"HTTP GET /api/jobs/applied - 304","method":"GET","responseTime":1.344,"status":304,"timestamp":"2026-07-11 12:11:41 +05:30","url":"/api/jobs/applied"}
{"ip":"::1","level":"info","message":"HTTP GET /api/jobs - 304","method":"GET","responseTime":0.518,"status":304,"timestamp":"2026-07-11 12:11:41 +05:30","url":"/api/jobs"}
{"ip":"::1","level":"info","message":"HTTP GET /api/jobs?search=&page=[object%20Event]&limit=10 - 304","method":"GET","responseTime":0.457,"status":304,"timestamp":"2026-07-11 12:11:43 +05:30","url":"/api/jobs?search=&page=[object%20Event]&limit=10"}
{"contentLength":"936","ip":"::1","level":"info","message":"HTTP GET /api/jobs?search=&page=1&limit=10 - 200","method":"GET","responseTime":0.713,"status":200,"timestamp":"2026-07-11 12:13:45 +05:30","url":"/api/jobs?search=&page=1&limit=10"}
{"contentLength":"23","ip":"::1","level":"info","message":"HTTP GET /api/jobs/undefined - 404","method":"GET","responseTime":1.184,"status":404,"timestamp":"2026-07-11 12:13:50 +05:30","url":"/api/jobs/undefined"}
{"ip":"::1","level":"info","message":"HTTP GET /api/jobs?search=&page=1&limit=10 - 304","method":"GET","responseTime":0.838,"status":304,"timestamp":"2026-07-11 12:13:56 +05:30","url":"/api/jobs?search=&page=1&limit=10"}
{"contentLength":"23","ip":"::1","level":"info","message":"HTTP GET /api/jobs/undefined - 404","method":"GET","responseTime":1.093,"status":404,"timestamp":"2026-07-11 12:13:58 +05:30","url":"/api/jobs/undefined"}
{"ip":"::1","level":"info","message":"HTTP GET /api/student/profile - 304","method":"GET","responseTime":1.034,"status":304,"timestamp":"2026-07-11 12:14:04 +05:30","url":"/api/student/profile"}
{"ip":"::1","level":"info","message":"HTTP GET /api/jobs?search=&page=1&limit=10 - 304","method":"GET","responseTime":0.518,"status":304,"timestamp":"2026-07-11 12:14:07 +05:30","url":"/api/jobs?search=&page=1&limit=10"}
{"contentLength":"23","ip":"::1","level":"info","message":"HTTP GET /api/company - 403","method":"GET","responseTime":1.197,"status":403,"timestamp":"2026-07-11 12:14:09 +05:30","url":"/api/company"}
{"ip":"::1","level":"info","message":"HTTP GET /api/jobs - 304","method":"GET","responseTime":0.507,"status":304,"timestamp":"2026-07-11 12:14:09 +05:30","url":"/api/jobs"}
{"contentLength":"23","ip":"::1","level":"info","message":"HTTP GET /api/admin/students - 403","method":"GET","responseTime":1.356,"status":403,"timestamp":"2026-07-11 12:14:09 +05:30","url":"/api/admin/students"}
{"contentLength":"23","ip":"::1","level":"info","message":"HTTP GET /api/admin/applications - 403","method":"GET","responseTime":0.965,"status":403,"timestamp":"2026-07-11 12:14:09 +05:30","url":"/api/admin/applications"}
{"contentLength":"436","ip":"::1","level":"info","message":"HTTP POST /api/auth/login - 200","method":"POST","responseTime":100.291,"status":200,"timestamp":"2026-07-11 12:14:14 +05:30","url":"/api/auth/login"}
{"ip":"::1","level":"info","message":"HTTP GET /api/student/profile - 304","method":"GET","responseTime":0.932,"status":304,"timestamp":"2026-07-11 12:14:14 +05:30","url":"/api/student/profile"}
{"ip":"::1","level":"info","message":"HTTP GET /api/jobs/applied - 304","method":"GET","responseTime":1.205,"status":304,"timestamp":"2026-07-11 12:14:14 +05:30","url":"/api/jobs/applied"}
{"ip":"::1","level":"info","message":"HTTP GET /api/jobs - 304","method":"GET","responseTime":0.953,"status":304,"timestamp":"2026-07-11 12:14:14 +05:30","url":"/api/jobs"}
{"ip":"::1","level":"info","message":"HTTP GET /api/jobs?search=&page=1&limit=10 - 304","method":"GET","responseTime":0.548,"status":304,"timestamp":"2026-07-11 12:14:20 +05:30","url":"/api/jobs?search=&page=1&limit=10"}
{"contentLength":"27","ip":"::1","level":"info","message":"HTTP POST /api/jobs/apply - 404","method":"POST","responseTime":2.333,"status":404,"timestamp":"2026-07-11 12:14:23 +05:30","url":"/api/jobs/apply"}
{"contentLength":"23","ip":"::1","level":"info","message":"HTTP GET /api/jobs/undefined - 404","method":"GET","responseTime":0.36,"status":404,"timestamp":"2026-07-11 12:14:27 +05:30","url":"/api/jobs/undefined"}
{"contentLength":"27","ip":"::1","level":"info","message":"HTTP POST /api/jobs/apply - 404","method":"POST","responseTime":1.553,"status":404,"timestamp":"2026-07-11 12:14:28 +05:30","url":"/api/jobs/apply"}
{"contentLength":"27","ip":"::1","level":"info","message":"HTTP POST /api/jobs/apply - 404","method":"POST","responseTime":1.353,"status":404,"timestamp":"2026-07-11 12:14:31 +05:30","url":"/api/jobs/apply"}
{"contentLength":"27","ip":"::1","level":"info","message":"HTTP POST /api/jobs/apply - 404","method":"POST","responseTime":1.364,"status":404,"timestamp":"2026-07-11 12:14:36 +05:30","url":"/api/jobs/apply"}
{"contentLength":"250","ip":"::1","level":"info","message":"HTTP POST /api/auth/admin/login - 200","method":"POST","responseTime":126.555,"status":200,"timestamp":"2026-07-11 12:14:53 +05:30","url":"/api/auth/admin/login"}
{"contentLength":"353","ip":"::1","level":"info","message":"HTTP GET /api/company - 200","method":"GET","responseTime":1.606,"status":200,"timestamp":"2026-07-11 12:14:54 +05:30","url":"/api/company"}
{"ip":"::1","level":"info","message":"HTTP GET /api/jobs - 304","method":"GET","responseTime":0.527,"status":304,"timestamp":"2026-07-11 12:14:54 +05:30","url":"/api/jobs"}
{"contentLength":"245","ip":"::1","level":"info","message":"HTTP GET /api/admin/students - 200","method":"GET","responseTime":1.291,"status":200,"timestamp":"2026-07-11 12:14:54 +05:30","url":"/api/admin/students"}
{"contentLength":"828","ip":"::1","level":"info","message":"HTTP GET /api/admin/applications - 200","method":"GET","responseTime":7.647,"status":200,"timestamp":"2026-07-11 12:14:54 +05:30","url":"/api/admin/applications"}
{"ip":"::1","level":"info","message":"HTTP GET /api/company - 304","method":"GET","responseTime":1.118,"status":304,"timestamp":"2026-07-11 12:14:57 +05:30","url":"/api/company"}
{"ip":"::1","level":"info","message":"HTTP GET /api/jobs - 304","method":"GET","responseTime":0.407,"status":304,"timestamp":"2026-07-11 12:14:57 +05:30","url":"/api/jobs"}
{"ip":"::1","level":"info","message":"HTTP GET /api/admin/students - 304","method":"GET","responseTime":0.85,"status":304,"timestamp":"2026-07-11 12:14:57 +05:30","url":"/api/admin/students"}
{"ip":"::1","level":"info","message":"HTTP GET /api/admin/applications - 304","method":"GET","responseTime":1.717,"status":304,"timestamp":"2026-07-11 12:14:57 +05:30","url":"/api/admin/applications"}
{"ip":"::1","level":"info","message":"HTTP GET /api/company - 304","method":"GET","responseTime":0.838,"status":304,"timestamp":"2026-07-11 12:15:03 +05:30","url":"/api/company"}
{"ip":"::1","level":"info","message":"HTTP GET /api/jobs - 304","method":"GET","responseTime":0.251,"status":304,"timestamp":"2026-07-11 12:15:03 +05:30","url":"/api/jobs"}
{"ip":"::1","level":"info","message":"HTTP GET /api/admin/students - 304","method":"GET","responseTime":0.668,"status":304,"timestamp":"2026-07-11 12:15:03 +05:30","url":"/api/admin/students"}
{"ip":"::1","level":"info","message":"HTTP GET /api/admin/applications - 304","method":"GET","responseTime":1.199,"status":304,"timestamp":"2026-07-11 12:15:03 +05:30","url":"/api/admin/applications"}
{"ip":"::1","level":"info","message":"HTTP GET /api/company - 304","method":"GET","responseTime":1.212,"status":304,"timestamp":"2026-07-11 12:15:04 +05:30","url":"/api/company"}
{"ip":"::1","level":"info","message":"HTTP GET /api/jobs - 304","method":"GET","responseTime":0.575,"status":304,"timestamp":"2026-07-11 12:15:04 +05:30","url":"/api/jobs"}
{"ip":"::1","level":"info","message":"HTTP GET /api/admin/students - 304","method":"GET","responseTime":1.131,"status":304,"timestamp":"2026-07-11 12:15:04 +05:30","url":"/api/admin/students"}
{"ip":"::1","level":"info","message":"HTTP GET /api/admin/applications - 304","method":"GET","responseTime":1.307,"status":304,"timestamp":"2026-07-11 12:15:04 +05:30","url":"/api/admin/applications"}
{"ip":"::1","level":"info","message":"HTTP GET /api/company - 304","method":"GET","responseTime":1.059,"status":304,"timestamp":"2026-07-11 12:15:06 +05:30","url":"/api/company"}
{"ip":"::1","level":"info","message":"HTTP GET /api/jobs - 304","method":"GET","responseTime":0.481,"status":304,"timestamp":"2026-07-11 12:15:06 +05:30","url":"/api/jobs"}
{"ip":"::1","level":"info","message":"HTTP GET /api/admin/students - 304","method":"GET","responseTime":1.214,"status":304,"timestamp":"2026-07-11 12:15:06 +05:30","url":"/api/admin/students"}
{"ip":"::1","level":"info","message":"HTTP GET /api/admin/applications - 304","method":"GET","responseTime":1.26,"status":304,"timestamp":"2026-07-11 12:15:06 +05:30","url":"/api/admin/applications"}
{"ip":"::1","level":"info","message":"HTTP GET /api/company - 304","method":"GET","responseTime":1.242,"status":304,"timestamp":"2026-07-11 12:15:11 +05:30","url":"/api/company"}
{"ip":"::1","level":"info","message":"HTTP GET /api/jobs - 304","method":"GET","responseTime":0.675,"status":304,"timestamp":"2026-07-11 12:15:11 +05:30","url":"/api/jobs"}
{"ip":"::1","level":"info","message":"HTTP GET /api/admin/students - 304","method":"GET","responseTime":1.215,"status":304,"timestamp":"2026-07-11 12:15:11 +05:30","url":"/api/admin/students"}
{"ip":"::1","level":"info","message":"HTTP GET /api/admin/applications - 304","method":"GET","responseTime":1.351,"status":304,"timestamp":"2026-07-11 12:15:11 +05:30","url":"/api/admin/applications"}
{"ip":"::1","level":"info","message":"HTTP GET /api/company - 304","method":"GET","responseTime":1.262,"status":304,"timestamp":"2026-07-11 12:15:13 +05:30","url":"/api/company"}
{"ip":"::1","level":"info","message":"HTTP GET /api/jobs - 304","method":"GET","responseTime":0.614,"status":304,"timestamp":"2026-07-11 12:15:13 +05:30","url":"/api/jobs"}
{"ip":"::1","level":"info","message":"HTTP GET /api/admin/students - 304","method":"GET","responseTime":1.115,"status":304,"timestamp":"2026-07-11 12:15:13 +05:30","url":"/api/admin/students"}
{"ip":"::1","level":"info","message":"HTTP GET /api/admin/applications - 304","method":"GET","responseTime":1.332,"status":304,"timestamp":"2026-07-11 12:15:13 +05:30","url":"/api/admin/applications"}
{"ip":"::1","level":"info","message":"HTTP GET /api/company - 304","method":"GET","responseTime":1.045,"status":304,"timestamp":"2026-07-11 12:15:16 +05:30","url":"/api/company"}
{"ip":"::1","level":"info","message":"HTTP GET /api/jobs - 304","method":"GET","responseTime":0.613,"status":304,"timestamp":"2026-07-11 12:15:16 +05:30","url":"/api/jobs"}
{"ip":"::1","level":"info","message":"HTTP GET /api/admin/students - 304","method":"GET","responseTime":1.368,"status":304,"timestamp":"2026-07-11 12:15:16 +05:30","url":"/api/admin/students"}
{"ip":"::1","level":"info","message":"HTTP GET /api/admin/applications - 304","method":"GET","responseTime":1.157,"status":304,"timestamp":"2026-07-11 12:15:16 +05:30","url":"/api/admin/applications"}
{"ip":"::1","level":"info","message":"HTTP GET /api/company - 304","method":"GET","responseTime":1.85,"status":304,"timestamp":"2026-07-11 12:15:18 +05:30","url":"/api/company"}
{"ip":"::1","level":"info","message":"HTTP GET /api/jobs - 304","method":"GET","responseTime":0.602,"status":304,"timestamp":"2026-07-11 12:15:19 +05:30","url":"/api/jobs"}
{"ip":"::1","level":"info","message":"HTTP GET /api/admin/students - 304","method":"GET","responseTime":1.187,"status":304,"timestamp":"2026-07-11 12:15:19 +05:30","url":"/api/admin/students"}
{"ip":"::1","level":"info","message":"HTTP GET /api/admin/applications - 304","method":"GET","responseTime":1.473,"status":304,"timestamp":"2026-07-11 12:15:19 +05:30","url":"/api/admin/applications"}
{"ip":"::1","level":"info","message":"HTTP GET /api/company - 304","method":"GET","responseTime":1.003,"status":304,"timestamp":"2026-07-11 12:15:20 +05:30","url":"/api/company"}
{"ip":"::1","level":"info","message":"HTTP GET /api/jobs - 304","method":"GET","responseTime":0.625,"status":304,"timestamp":"2026-07-11 12:15:20 +05:30","url":"/api/jobs"}
{"ip":"::1","level":"info","message":"HTTP GET /api/admin/students - 304","method":"GET","responseTime":1.142,"status":304,"timestamp":"2026-07-11 12:15:20 +05:30","url":"/api/admin/students"}
{"ip":"::1","level":"info","message":"HTTP GET /api/admin/applications - 304","method":"GET","responseTime":1.087,"status":304,"timestamp":"2026-07-11 12:15:20 +05:30","url":"/api/admin/applications"}
{"ip":"::1","level":"info","message":"HTTP GET /api/company - 304","method":"GET","responseTime":1.142,"status":304,"timestamp":"2026-07-11 12:15:21 +05:30","url":"/api/company"}
{"ip":"::1","level":"info","message":"HTTP GET /api/jobs - 304","method":"GET","responseTime":0.479,"status":304,"timestamp":"2026-07-11 12:15:21 +05:30","url":"/api/jobs"}
{"ip":"::1","level":"info","message":"HTTP GET /api/admin/students - 304","method":"GET","responseTime":1.076,"status":304,"timestamp":"2026-07-11 12:15:21 +05:30","url":"/api/admin/students"}
{"ip":"::1","level":"info","message":"HTTP GET /api/admin/applications - 304","method":"GET","responseTime":1.219,"status":304,"timestamp":"2026-07-11 12:15:21 +05:30","url":"/api/admin/applications"}
{"ip":"::1","level":"info","message":"HTTP GET /api/company - 304","method":"GET","responseTime":0.985,"status":304,"timestamp":"2026-07-11 12:15:24 +05:30","url":"/api/company"}
{"ip":"::1","level":"info","message":"HTTP GET /api/jobs - 304","method":"GET","responseTime":0.547,"status":304,"timestamp":"2026-07-11 12:15:24 +05:30","url":"/api/jobs"}
{"ip":"::1","level":"info","message":"HTTP GET /api/admin/students - 304","method":"GET","responseTime":1.599,"status":304,"timestamp":"2026-07-11 12:15:24 +05:30","url":"/api/admin/students"}
{"ip":"::1","level":"info","message":"HTTP GET /api/admin/applications - 304","method":"GET","responseTime":1.065,"status":304,"timestamp":"2026-07-11 12:15:24 +05:30","url":"/api/admin/applications"}
{"ip":"::1","level":"info","message":"HTTP GET /api/company - 304","method":"GET","responseTime":1.031,"status":304,"timestamp":"2026-07-11 12:15:25 +05:30","url":"/api/company"}
{"ip":"::1","level":"info","message":"HTTP GET /api/jobs - 304","method":"GET","responseTime":0.468,"status":304,"timestamp":"2026-07-11 12:15:25 +05:30","url":"/api/jobs"}
{"ip":"::1","level":"info","message":"HTTP GET /api/admin/students - 304","method":"GET","responseTime":1.474,"status":304,"timestamp":"2026-07-11 12:15:25 +05:30","url":"/api/admin/students"}
{"ip":"::1","level":"info","message":"HTTP GET /api/admin/applications - 304","method":"GET","responseTime":1.473,"status":304,"timestamp":"2026-07-11 12:15:25 +05:30","url":"/api/admin/applications"}
{"ip":"::1","level":"info","message":"HTTP GET /api/company - 304","method":"GET","responseTime":1.161,"status":304,"timestamp":"2026-07-11 12:15:26 +05:30","url":"/api/company"}
{"ip":"::1","level":"info","message":"HTTP GET /api/jobs - 304","method":"GET","responseTime":0.475,"status":304,"timestamp":"2026-07-11 12:15:26 +05:30","url":"/api/jobs"}
{"ip":"::1","level":"info","message":"HTTP GET /api/admin/students - 304","method":"GET","responseTime":1.18,"status":304,"timestamp":"2026-07-11 12:15:26 +05:30","url":"/api/admin/students"}
{"ip":"::1","level":"info","message":"HTTP GET /api/admin/applications - 304","method":"GET","responseTime":1.065,"status":304,"timestamp":"2026-07-11 12:15:26 +05:30","url":"/api/admin/applications"}
{"ip":"::1","level":"info","message":"HTTP GET /api/company - 304","method":"GET","responseTime":0.667,"status":304,"timestamp":"2026-07-11 12:15:27 +05:30","url":"/api/company"}
{"ip":"::1","level":"info","message":"HTTP GET /api/jobs - 304","method":"GET","responseTime":0.46,"status":304,"timestamp":"2026-07-11 12:15:27 +05:30","url":"/api/jobs"}
{"ip":"::1","level":"info","message":"HTTP GET /api/admin/students - 304","method":"GET","responseTime":1.355,"status":304,"timestamp":"2026-07-11 12:15:27 +05:30","url":"/api/admin/students"}
{"ip":"::1","level":"info","message":"HTTP GET /api/admin/applications - 304","method":"GET","responseTime":1.029,"status":304,"timestamp":"2026-07-11 12:15:27 +05:30","url":"/api/admin/applications"}
{"contentLength":"436","ip":"::1","level":"info","message":"HTTP POST /api/auth/login - 200","method":"POST","responseTime":127.532,"status":200,"timestamp":"2026-07-11 12:15:36 +05:30","url":"/api/auth/login"}
{"ip":"::1","level":"info","message":"HTTP GET /api/student/profile - 304","method":"GET","responseTime":0.903,"status":304,"timestamp":"2026-07-11 12:15:36 +05:30","url":"/api/student/profile"}
{"ip":"::1","level":"info","message":"HTTP GET /api/jobs/applied - 304","method":"GET","responseTime":0.743,"status":304,"timestamp":"2026-07-11 12:15:36 +05:30","url":"/api/jobs/applied"}
{"ip":"::1","level":"info","message":"HTTP GET /api/jobs - 304","method":"GET","responseTime":0.41,"status":304,"timestamp":"2026-07-11 12:15:36 +05:30","url":"/api/jobs"}
{"ip":"::1","level":"info","message":"HTTP GET /api/jobs?search=&page=1&limit=10 - 304","method":"GET","responseTime":0.313,"status":304,"timestamp":"2026-07-11 12:15:39 +05:30","url":"/api/jobs?search=&page=1&limit=10"}
{"contentLength":"243","ip":"::1","level":"info","message":"HTTP GET /api/student/profile - 200","method":"GET","responseTime":0.876,"status":200,"timestamp":"2026-07-11 12:17:10 +05:30","url":"/api/student/profile"}
{"ip":"::1","level":"info","message":"HTTP GET /api/jobs/applied - 304","method":"GET","responseTime":0.752,"status":304,"timestamp":"2026-07-11 12:17:10 +05:30","url":"/api/jobs/applied"}
{"ip":"::1","level":"info","message":"HTTP GET /api/jobs - 304","method":"GET","responseTime":0.487,"status":304,"timestamp":"2026-07-11 12:17:10 +05:30","url":"/api/jobs"}
{"ip":"::1","level":"info","message":"HTTP GET /api/jobs?search=&page=1&limit=10 - 304","method":"GET","responseTime":0.318,"status":304,"timestamp":"2026-07-11 12:17:14 +05:30","url":"/api/jobs?search=&page=1&limit=10"}
{"contentLength":"23","ip":"::1","level":"info","message":"HTTP GET /api/jobs/undefined - 404","method":"GET","responseTime":0.295,"status":404,"timestamp":"2026-07-11 12:17:19 +05:30","url":"/api/jobs/undefined"}
{"contentLength":"23","ip":"::1","level":"info","message":"HTTP GET /api/jobs/undefined - 404","method":"GET","responseTime":0.463,"status":404,"timestamp":"2026-07-11 12:18:27 +05:30","url":"/api/jobs/undefined"}
{"contentLength":"23","ip":"::1","level":"info","message":"HTTP GET /api/jobs/undefined - 404","method":"GET","responseTime":0.283,"status":404,"timestamp":"2026-07-11 12:18:34 +05:30","url":"/api/jobs/undefined"}
{"contentLength":"23","ip":"::1","level":"info","message":"HTTP GET /api/jobs/undefined - 404","method":"GET","responseTime":0.461,"status":404,"timestamp":"2026-07-11 12:18:37 +05:30","url":"/api/jobs/undefined"}
{"contentLength":"936","ip":"::1","level":"info","message":"HTTP GET /api/jobs?search=&page=1&limit=10 - 200","method":"GET","responseTime":0.337,"status":200,"timestamp":"2026-07-11 12:19:55 +05:30","url":"/api/jobs?search=&page=1&limit=10"}
{"contentLength":"442","ip":"::1","level":"info","message":"HTTP GET /api/jobs/job_1 - 200","method":"GET","responseTime":0.384,"status":200,"timestamp":"2026-07-11 12:19:57 +05:30","url":"/api/jobs/job_1"}
{"ip":"::1","level":"info","message":"HTTP GET /api/jobs/job_1 - 304","method":"GET","responseTime":0.31,"status":304,"timestamp":"2026-07-11 12:20:14 +05:30","url":"/api/jobs/job_1"}
{"ip":"::1","level":"info","message":"HTTP GET /api/jobs/applied - 304","method":"GET","responseTime":0.796,"status":304,"timestamp":"2026-07-11 12:20:33 +05:30","url":"/api/jobs/applied"}
{"ip":"::1","level":"info","message":"HTTP GET /api/jobs - 304","method":"GET","responseTime":0.256,"status":304,"timestamp":"2026-07-11 12:20:33 +05:30","url":"/api/jobs"}
